2018-12-20 07:15:39.327  INFO 15504 --- [main] c.a.demo.FirstWebAppApplication          : Starting FirstWebAppApplication on DESKTOP-ND9ADUL with PID 15504 (C:\Users\Telusko\git\repository\FirstWebApp\target\classes started by Telusko in C:\Users\Telusko\git\repository\FirstWebApp)
2018-12-20 07:15:39.331  INFO 15504 --- [main] c.a.demo.FirstWebAppApplication          : No active profile set, falling back to default profiles: default
2018-12-20 07:15:39.367  WARN 15504 --- [main] ionWarningsApplicationContextInitializer : 

** WARNING ** : Your ApplicationContext is unlikely to start due to a @ComponentScan of the default package.


2018-12-20 07:15:39.786  INFO 15504 --- [main] .s.d.r.c.RepositoryConfigurationDelegate : Bootstrapping Spring Data repositories in DEFAULT mode.
2018-12-20 07:15:39.832  INFO 15504 --- [main] .s.d.r.c.RepositoryConfigurationDelegate : Finished Spring Data repository scanning in 41ms. Found 1 repository interfaces.
2018-12-20 07:15:40.070  INFO 15504 --- [main] trationDelegate$BeanPostProcessorChecker : Bean 'org.springframework.transaction.annotation.ProxyTransactionManagementConfiguration' of type [org.springframework.transaction.annotation.ProxyTransactionManagementConfiguration$$EnhancerBySpringCGLIB$$5afeb7c8] is not eligible for getting processed by all BeanPostProcessors (for example: not eligible for auto-proxying)
2018-12-20 07:15:40.349  INFO 15504 --- [main] o.s.b.w.embedded.tomcat.TomcatWebServer  : Tomcat initialized with port(s): 8080 (http)
2018-12-20 07:15:40.365  INFO 15504 --- [main] o.apache.catalina.core.StandardService   : Starting service [Tomcat]
2018-12-20 07:15:40.365  INFO 15504 --- [main] org.apache.catalina.core.StandardEngine  : Starting Servlet Engine: Apache Tomcat/9.0.12
2018-12-20 07:15:40.371  INFO 15504 --- [main] o.a.catalina.core.AprLifecycleListener   : The APR based Apache Tomcat Native library which allows optimal performance in production environments was not found on the java.library.path: [C:\Program Files\Java\jre1.8.0_191\bin;C:\WINDOWS\Sun\Java\bin;C:\WINDOWS\system32;C:\WINDOWS;C:/Program Files/Java/jre1.8.0_191/bin/server;C:/Program Files/Java/jre1.8.0_191/bin;C:/Program Files/Java/jre1.8.0_191/lib/amd64;C:\Program Files (x86)\Common Files\Oracle\Java\javapath;C:\Windows\system32;C:\Windows;C:\Windows\System32\Wbem;C:\Windows\System32\WindowsPowerShell\v1.0\;C:\Program Files (x86)\NVIDIA Corporation\PhysX\Common;C:\WINDOWS\system32;C:\WINDOWS;C:\WINDOWS\System32\Wbem;C:\WINDOWS\System32\WindowsPowerShell\v1.0\;C:\WINDOWS\System32\OpenSSH\;C:\Program Files\nodejs\;C:\Users\Telusko\AppData\Local\Programs\Python\Python37;C:\Users\Telusko\AppData\Local\Programs\Python\Python37\Scripts;C:\Program Files\Git\cmd;C:\Users\Telusko\AppData\Local\Microsoft\WindowsApps;C:\Users\Telusko\AppData\Roaming\npm;C:\Users\Telusko\AppData\Local\Programs\Microsoft VS Code\bin;C:\Users\Telusko\Downloads\curl-7.61.1_6-win64-mingw\curl-7.61.1-win64-mingw\bin;E:\Development\Tools\flutter\bin;;C:\Users\Telusko\Downloads\spring-tool-suite\sts-bundle\sts-3.9.6.RELEASE;;.]
2018-12-20 07:15:40.527  INFO 15504 --- [main] org.apache.jasper.servlet.TldScanner     : At least one JAR was scanned for TLDs yet contained no TLDs. Enable debug logging for this logger for a complete list of JARs that were scanned but no TLDs were found in them. Skipping unneeded JARs during scanning can improve startup time and JSP compilation time.
2018-12-20 07:15:40.531  INFO 15504 --- [main] o.a.c.c.C.[Tomcat].[localhost].[/]       : Initializing Spring embedded WebApplicationContext
2018-12-20 07:15:40.532  INFO 15504 --- [main] o.s.web.context.ContextLoader            : Root WebApplicationContext: initialization completed in 1174 ms
2018-12-20 07:15:40.566  INFO 15504 --- [main] o.s.b.w.servlet.ServletRegistrationBean  : Servlet dispatcherServlet mapped to [/]
2018-12-20 07:15:40.568  INFO 15504 --- [main] o.s.b.w.servlet.FilterRegistrationBean   : Mapping filter: 'characterEncodingFilter' to: [/*]
2018-12-20 07:15:40.569  INFO 15504 --- [main] o.s.b.w.servlet.FilterRegistrationBean   : Mapping filter: 'hiddenHttpMethodFilter' to: [/*]
2018-12-20 07:15:40.569  INFO 15504 --- [main] o.s.b.w.servlet.FilterRegistrationBean   : Mapping filter: 'formContentFilter' to: [/*]
2018-12-20 07:15:40.570  INFO 15504 --- [main] o.s.b.w.servlet.FilterRegistrationBean   : Mapping filter: 'requestContextFilter' to: [/*]
2018-12-20 07:15:40.667  INFO 15504 --- [main] com.zaxxer.hikari.HikariDataSource       : HikariPool-1 - Starting...
2018-12-20 07:15:41.178  INFO 15504 --- [main] com.zaxxer.hikari.HikariDataSource       : HikariPool-1 - Start completed.
2018-12-20 07:15:41.227  INFO 15504 --- [main] o.hibernate.jpa.internal.util.LogHelper  : HHH000204: Processing PersistenceUnitInfo [
	name: default
	...]
2018-12-20 07:15:41.281  INFO 15504 --- [main] org.hibernate.Version                    : HHH000412: Hibernate Core {5.3.7.Final}
2018-12-20 07:15:41.282  INFO 15504 --- [main] org.hibernate.cfg.Environment            : HHH000206: hibernate.properties not found
2018-12-20 07:15:41.383  INFO 15504 --- [main] o.hibernate.annotations.common.Version   : HCANN000001: Hibernate Commons Annotations {5.0.4.Final}
2018-12-20 07:15:41.475  INFO 15504 --- [main] org.hibernate.dialect.Dialect            : HHH000400: Using dialect: org.hibernate.dialect.MySQL5Dialect
2018-12-20 07:15:41.896  INFO 15504 --- [main] j.LocalContainerEntityManagerFactoryBean : Initialized JPA EntityManagerFactory for persistence unit 'default'
2018-12-20 07:15:42.403  INFO 15504 --- [main] o.s.s.concurrent.ThreadPoolTaskExecutor  : Initializing ExecutorService 'applicationTaskExecutor'
2018-12-20 07:15:42.436  WARN 15504 --- [main] aWebConfiguration$JpaWebMvcConfiguration : spring.jpa.open-in-view is enabled by default. Therefore, database queries may be performed during view rendering. Explicitly configure spring.jpa.open-in-view to disable this warning
2018-12-20 07:15:42.630  INFO 15504 --- [main] o.s.b.w.embedded.tomcat.TomcatWebServer  : Tomcat started on port(s): 8080 (http) with context path ''
2018-12-20 07:15:42.634  INFO 15504 --- [main] c.a.demo.FirstWebAppApplication          : Started FirstWebAppApplication in 3.546 seconds (JVM running for 4.095)
2018-12-20 07:15:54.463  INFO 15504 --- [http-nio-8080-exec-2] o.a.c.c.C.[Tomcat].[localhost].[/]       : Initializing Spring DispatcherServlet 'dispatcherServlet'
2018-12-20 07:15:54.464  INFO 15504 --- [http-nio-8080-exec-2] o.s.web.servlet.DispatcherServlet        : Initializing Servlet 'dispatcherServlet'
2018-12-20 07:15:54.472  INFO 15504 --- [http-nio-8080-exec-2] o.s.web.servlet.DispatcherServlet        : Completed initialization in 8 ms
2018-12-20 07:15:54.525  INFO 15504 --- [http-nio-8080-exec-2] o.h.h.i.QueryTranslatorFactoryInitiator  : HHH000397: Using ASTQueryTranslatorFactory
2018-12-20 07:17:31.377  INFO 15504 --- [RMI TCP Connection(2)-127.0.0.1] inMXBeanRegistrar$SpringApplicationAdmin : Application shutdown requested.
2018-12-20 07:17:31.379  INFO 15504 --- [RMI TCP Connection(2)-127.0.0.1] o.s.s.concurrent.ThreadPoolTaskExecutor  : Shutting down ExecutorService 'applicationTaskExecutor'
2018-12-20 07:17:31.381  INFO 15504 --- [RMI TCP Connection(2)-127.0.0.1] j.LocalContainerEntityManagerFactoryBean : Closing JPA EntityManagerFactory for persistence unit 'default'
2018-12-20 07:17:31.383  INFO 15504 --- [RMI TCP Connection(2)-127.0.0.1] com.zaxxer.hikari.HikariDataSource       : HikariPool-1 - Shutdown initiated...
2018-12-20 07:17:31.388  INFO 15504 --- [RMI TCP Connection(2)-127.0.0.1] com.zaxxer.hikari.HikariDataSource       : HikariPool-1 - Shutdown completed.
